<?xml version="1.0" encoding="UTF-8"?>
<!-- Generated by org.testng.reporters.JUnitXMLReporter -->
<testsuite ignored="0" hostname="PrasathSuganya" failures="1" tests="4" name="Test" time="10.681" errors="0" timestamp="2026-01-07T14:03:38 IST">
  <testcase classname="NewTesting.GGGGGG.ExtendReportsClass" name="testingPassed1" time="0.008"/>
  <testcase classname="NewTesting.GGGGGG.ExtendReportsClass" name="testingPassed2" time="0.0"/>
  <testcase classname="NewTesting.GGGGGG.ExtendReportsClass" name="testingFaill" time="0.004">
    <failure type="junit.framework.AssertionFailedError" message="expected:&amp;lt;true&amp;gt; but was:&amp;lt;false&amp;gt;">
      <![CDATA[junit.framework.AssertionFailedError: expected:<true> but was:<false>
at junit.framework.Assert.fail(Assert.java:47)
at junit.framework.Assert.failNotEquals(Assert.java:282)
at junit.framework.Assert.assertEquals(Assert.java:64)
at junit.framework.Assert.assertEquals(Assert.java:149)
at junit.framework.Assert.assertEquals(Assert.java:155)
at NewTesting.GGGGGG.ExtendReportsClass.testingFaill(ExtendReportsClass.java:43)
at java.base/java.util.ArrayList.forEach(ArrayList.java:1596)
... Removed 25 stack frames]]>
    </failure>
  </testcase> <!-- testingFaill -->
  <testcase classname="NewTesting.GGGGGG.ExtendReportsClass" name="testingSkipped" time="0.0">
    <skipped/>
  </testcase> <!-- testingSkipped -->
</testsuite> <!-- Test -->
