<?xml version="1.0" encoding="UTF-8"?>
<testng-results ignored="0" total="1" passed="1" failed="0" skipped="0">
  <reporter-output>
  </reporter-output>
  <suite started-at="2026-03-08T19:10:09 IST" name="Default suite" finished-at="2026-03-08T19:10:57 IST" duration-ms="48164">
    <groups>
    </groups>
    <test started-at="2026-03-08T19:10:09 IST" name="Default test" finished-at="2026-03-08T19:10:57 IST" duration-ms="48164">
      <class name="NewTesting.GGGGGG.FlipkartPrice">
        <test-method signature="getPrice()[pri:0, instance:NewTesting.GGGGGG.FlipkartPrice@5bf0d49]" started-at="2026-03-08T19:10:09 IST" name="getPrice" finished-at="2026-03-08T19:10:57 IST" duration-ms="48093" status="PASS">
          <reporter-output>
          </reporter-output>
        </test-method> <!-- getPrice -->
      </class> <!-- NewTesting.GGGGGG.FlipkartPrice -->
    </test> <!-- Default test -->
  </suite> <!-- Default suite -->
</testng-results>
