<?xml version="1.0" encoding="UTF-8"?>
<!-- Generated by org.testng.reporters.JUnitReportReporter -->
<testsuite hostname="DESKTOP-MTF0CFR" failures="0" tests="5" name="NewTesting.GGGGGG.dummy" time="0.069" errors="0" timestamp="2026-02-09T13:37:58 IST" skipped="0">
  <testcase classname="NewTesting.GGGGGG.dummy" name="testMethod" time="0.028"/>
  <testcase classname="NewTesting.GGGGGG.dummy" name="testMethod" time="0.004"/>
  <testcase classname="NewTesting.GGGGGG.dummy" name="testMethod" time="0.006"/>
  <testcase classname="NewTesting.GGGGGG.dummy" name="testMethod" time="0.028"/>
  <testcase classname="NewTesting.GGGGGG.dummy" name="testMethod" time="0.003"/>
</testsuite> <!-- NewTesting.GGGGGG.dummy -->
